2023-07-27T12:08:08.814Z info: Server listening at http://localhost:3000
2023-07-27T12:19:08.328Z info: Server listening at http://localhost:3000
2023-07-27T13:07:51.697Z info: Server listening at http://localhost:3000
2023-07-27T13:10:46.895Z info: Server listening at http://localhost:3000
2023-07-27T13:10:50.596Z error: /create-transaction - ::1 - Exception, Invalid Signature
2023-07-27T13:12:18.430Z error: /create-transaction - ::1 - Exception, Invalid Signature
2023-07-27T13:15:16.008Z error: /create-transaction - ::1 - Exception, Invalid Signature
2023-07-27T13:17:06.001Z info: Server listening at http://localhost:3000
2023-07-27T13:17:09.525Z error: /create-transaction - ::1 - Exception, Invalid Signature
2023-07-27T13:18:10.123Z error: /create-transaction - ::1 - Exception, Invalid Signature
2023-07-27T13:19:47.382Z info: Server listening at http://localhost:3000
2023-07-27T13:19:50.488Z error: /create-transaction - ::1 - Exception, Invalid Signature
2023-07-27T13:39:59.292Z info: Server listening at http://localhost:3000
2023-07-27T13:40:02.868Z error: /create-transaction - ::1 - Exception, Invalid Signature
2023-07-27T13:41:18.125Z info: /create-transaction - ::1 - Transaction Created
2023-07-27T13:46:29.533Z info: Server listening at http://localhost:3000
2023-07-27T13:47:02.158Z info: Server listening at http://localhost:3000
2023-07-27T13:47:08.649Z info: Server listening at http://localhost:3000
2023-07-27T13:47:17.580Z info: Server listening at http://localhost:3000
2023-07-27T13:47:20.466Z info: /create-transaction - ::1 - Transaction Created
2023-07-27T13:49:41.700Z info: Server listening at http://localhost:3000
2023-07-27T13:50:12.535Z info: Server listening at http://localhost:3000
2023-07-27T14:09:01.357Z info: Server listening at http://localhost:3000
2023-07-27T22:36:33.415Z info: Server listening at http://localhost:3000
2023-07-27T22:37:11.801Z info: Server listening at http://localhost:3000
2023-07-27T22:37:53.208Z info: Server listening at http://localhost:3000
2023-07-27T22:41:33.258Z info: Server listening at http://localhost:3000
2023-07-27T22:47:47.862Z info: Server listening at http://localhost:3000
2023-07-27T22:48:34.576Z info: Server listening at http://localhost:3000
2023-07-27T22:48:45.474Z info: Server listening at http://localhost:3000
2023-07-27T22:49:12.633Z info: Server listening at http://localhost:3000
2023-07-27T22:50:04.955Z info: Server listening at http://localhost:3000
2023-07-27T22:52:01.997Z info: Server listening at http://localhost:3000
2023-07-27T22:53:19.008Z info: Server listening at http://localhost:3000
2023-07-27T22:53:40.632Z info: Server listening at http://localhost:3000
2023-07-27T22:54:13.965Z info: Server listening at http://localhost:3000
2023-07-27T22:54:31.938Z info: /create-transaction - ::1 - ============== Inisiasi Data =============
2023-07-27T22:55:31.792Z info: Server listening at http://localhost:3000
2023-07-27T22:55:38.302Z info: /create-transaction - ::1 - ============== Inisiasi Data =============
2023-07-27T22:55:38.302Z info: /create-transaction - ::1 - {"name":"Alif","email":"m.alif@doku.com","phone":"082222222","invoice":"INV-xxx","amount":56000,"transaction_date":"Senin, 23 April 2023","transaction_update":"Senin, 23 April 2023","payment_method":"DOKU CHECKOUT","status":"PENDING","product_id":2,"product_name":"Netflix Sebulan","url_checkout":"http://localhost:3000/checkout123123123"}
2023-07-27T22:55:38.302Z info: /create-transaction - ::1 - ============== Save to DB =============
2023-07-27T22:57:15.292Z info: Server listening at http://localhost:3000
2023-07-27T22:57:27.579Z info: /create-transaction - ::1 - ============== Inisiasi Data =============
2023-07-27T22:57:27.579Z info: /create-transaction - ::1 - {"name":"Alif","email":"m.alif@doku.com","phone":"082222222","invoice":"INV-xxx","amount":56000,"transaction_date":"Senin, 23 April 2023","transaction_update":"Senin, 23 April 2023","payment_method":"DOKU CHECKOUT","status":"PENDING","product_id":2,"product_name":"Netflix Sebulan","url_checkout":"http://localhost:3000/checkout123123123","expired":"Selasa, 23 Mei 2023"}
2023-07-27T22:57:27.579Z info: /create-transaction - ::1 - ============== Save to DB =============
2023-07-27T22:57:27.581Z info: /create-transaction - ::1 - Transaction Created
2023-07-27T22:58:09.663Z info: Server listening at http://localhost:3000
2023-07-27T22:58:12.543Z info: /create-transaction - ::1 - ============== Inisiasi Data =============
2023-07-27T22:58:12.544Z info: /create-transaction - ::1 - {"name":"Alif","email":"m.alif@doku.com","phone":"082222222","invoice":"INV-xxx","amount":56000,"transaction_date":"Senin, 23 April 2023","transaction_update":"Senin, 23 April 2023","payment_method":"DOKU CHECKOUT","status":"PENDING","product_id":2,"product_name":"Netflix Sebulan","url_checkout":"http://localhost:3000/checkout123123123","expired":"Selasa, 23 Mei 2023"}
2023-07-27T22:58:12.544Z info: /create-transaction - ::1 - ============== Save to DB =============
2023-07-27T22:58:12.545Z info: /create-transaction - ::1 - Transaction Created
2023-07-27T22:58:47.555Z info: Server listening at http://localhost:3000
2023-07-27T22:58:49.989Z info: /create-transaction - ::1 - ============== Inisiasi Data =============
2023-07-27T22:58:49.990Z info: /create-transaction - ::1 - {"name":"Alif","email":"m.alif@doku.com","phone":"082222222","invoice":"INV-xxx","amount":56000,"transaction_date":"Senin, 23 April 2023","transaction_update":"Senin, 23 April 2023","payment_method":"DOKU CHECKOUT","status":"PENDING","product_id":2,"product_name":"Netflix Sebulan","url_checkout":"http://localhost:3000/checkout123123123","expired":"Selasa, 23 Mei 2023"}
2023-07-27T22:58:49.990Z info: /create-transaction - ::1 - ============== Save to DB =============
2023-07-27T22:58:49.991Z info: /create-transaction - ::1 - Transaction Created
2023-07-27T22:59:56.915Z info: Server listening at http://localhost:3000
2023-07-27T23:01:34.385Z info: Server listening at http://localhost:3000
2023-07-27T23:01:46.183Z info: /create-transaction - ::1 - ============== Inisiasi Data =============
2023-07-27T23:01:46.183Z info: /create-transaction - ::1 - {"name":"Alif","email":"m.alif@doku.com","phone":"082222222","invoice":"INV-xxx","amount":56000,"transaction_date":"Senin, 23 April 2023","transaction_update":"Senin, 23 April 2023","payment_method":"DOKU CHECKOUT","status":"PENDING","product_id":2,"product_name":"Netflix Sebulan","url_checkout":"http://localhost:3000/checkout123123123","expired":"Selasa, 23 Mei 2023"}
2023-07-27T23:01:46.183Z info: /create-transaction - ::1 - ============== Save to DB =============
2023-07-27T23:01:46.183Z info: /create-transaction - ::1 - Transaction Created
2023-07-27T23:03:06.849Z info: Server listening at http://localhost:3000
2023-07-27T23:03:21.304Z info: /create-transaction - ::1 - ============== Inisiasi Data =============
2023-07-27T23:03:21.304Z info: /create-transaction - ::1 - {"name":"Alif","email":"m.alif@doku.com","phone":"082222222","invoice":"INV-xxx","amount":56000,"transaction_date":"Senin, 23 April 2023","transaction_update":"Senin, 23 April 2023","payment_method":"DOKU CHECKOUT","status":"PENDING","product_id":2,"product_name":"Netflix Sebulan","url_checkout":"http://localhost:3000/checkout123123123","expired":"Selasa, 23 Mei 2023"}
2023-07-27T23:03:21.304Z info: /create-transaction - ::1 - ============== Save to DB =============
2023-07-27T23:03:21.305Z info: /create-transaction - ::1 - Transaction Created
2023-07-27T23:04:56.261Z info: Server listening at http://localhost:3000
2023-07-27T23:04:59.176Z info: /create-transaction - ::1 - ============== Inisiasi Data =============
2023-07-27T23:04:59.176Z info: /create-transaction - ::1 - {"name":"Alif","email":"m.alif@doku.com","phone":"082222222","invoice":"INV-xxx","amount":56000,"transaction_date":"Senin, 23 April 2023","transaction_update":"Senin, 23 April 2023","payment_method":"DOKU CHECKOUT","status":"PENDING","product_id":2,"product_name":"Netflix Sebulan","url_checkout":"http://localhost:3000/checkout123123123","expired":"Selasa, 23 Mei 2023"}
2023-07-27T23:04:59.176Z info: /create-transaction - ::1 - ============== Save to DB =============
2023-07-27T23:04:59.176Z info: /create-transaction - ::1 - Transaction Created
2023-07-27T23:07:40.949Z info: Server listening at http://localhost:3000
2023-07-27T23:10:49.699Z info: Server listening at http://localhost:3000
2023-07-27T23:13:05.667Z info: Server listening at http://localhost:3000
2023-07-27T23:16:06.540Z info: Server listening at http://localhost:3000
2023-07-27T23:16:08.892Z info: /create-transaction - ::1 - ============== Inisiasi Data =============
2023-07-27T23:16:08.893Z info: /create-transaction - ::1 - {"name":"Alif","email":"m.alif@doku.com","phone":"082222222","invoice":"INV-xxx","amount":56000,"transaction_date":"Senin, 23 April 2023","transaction_update":"Senin, 23 April 2023","payment_method":"DOKU CHECKOUT","status":"PENDING","product_id":2,"product_name":"Netflix Sebulan","url_checkout":"http://localhost:3000/checkout123123123","expired":"Selasa, 23 Mei 2023"}
2023-07-27T23:16:08.893Z info: /create-transaction - ::1 - ============== Save to DB =============
2023-07-27T23:16:08.894Z info: /create-transaction - ::1 - Transaction Created
2023-07-27T23:17:07.198Z info: Server listening at http://localhost:3000
2023-07-27T23:17:35.376Z info: Server listening at http://localhost:3000
2023-07-27T23:19:15.695Z info: Server listening at http://localhost:3000
2023-07-27T23:19:29.220Z info: Server listening at http://localhost:3000
2023-07-27T23:19:55.979Z info: Server listening at http://localhost:3000
2023-07-27T23:20:32.580Z info: Server listening at http://localhost:3000
2023-07-28T01:24:46.974Z info: Server listening at http://localhost:3000
2023-07-28T01:24:50.980Z info: /create-transaction - ::1 - ============== Inisiasi Data =============
2023-07-28T01:24:50.980Z info: /create-transaction - ::1 - {"name":"Alif","email":"m.alif@doku.com","phone":"082222222","invoice":"INV-xxx","amount":56000,"transaction_date":"Senin, 23 April 2023","transaction_update":"Senin, 23 April 2023","payment_method":"DOKU CHECKOUT","status":"PENDING","product_id":2,"product_name":"Netflix Sebulan","url_checkout":"http://localhost:3000/checkout123123123","expired":"Selasa, 23 Mei 2023"}
2023-07-28T01:24:50.980Z info: /create-transaction - ::1 - ============== Save to DB =============
2023-07-28T01:24:50.980Z info: /create-transaction - ::1 - Transaction Created
2023-07-28T01:25:52.382Z info: Server listening at http://localhost:3000
2023-07-28T01:26:14.453Z info: Server listening at http://localhost:3000
2023-07-28T01:26:53.114Z info: Server listening at http://localhost:3000
2023-07-28T01:27:23.027Z info: Server listening at http://localhost:3000
2023-07-28T01:27:56.565Z info: Server listening at http://localhost:3000
2023-07-28T01:28:24.563Z info: Server listening at http://localhost:3000
2023-07-28T01:28:36.801Z info: Server listening at http://localhost:3000
2023-07-28T01:29:24.195Z info: Server listening at http://localhost:3000
2023-07-28T01:29:34.559Z info: Server listening at http://localhost:3000
2023-07-28T01:29:58.574Z info: Server listening at http://localhost:3000
2023-07-28T01:30:28.240Z info: Server listening at http://localhost:3000
2023-07-28T01:30:31.490Z error: /check-id - ::1 - Exception, Invalid Signature
2023-07-28T01:32:10.185Z info: Server listening at http://localhost:3000
2023-07-28T01:32:24.707Z info: Server listening at http://localhost:3000
2023-07-28T01:33:36.089Z info: Server listening at http://localhost:3000
2023-07-28T01:33:46.487Z info: Server listening at http://localhost:3000
2023-07-28T01:33:58.293Z info: Server listening at http://localhost:3000
2023-07-28T01:34:20.353Z info: Server listening at http://localhost:3000
2023-07-28T01:37:52.839Z info: Server listening at http://localhost:3000
2023-07-28T01:38:24.983Z error: /product - ::1 - Exception, Invalid Signature
2023-07-28T04:09:38.526Z info: /create-transaction - ::1 - ============== Inisiasi Data =============
2023-07-28T04:09:38.527Z info: /create-transaction - ::1 - {"name":"Alif","email":"m.alif@doku.com","phone":"082222222","invoice":"INV-xxx","amount":56000,"transaction_date":"Senin, 23 April 2023","transaction_update":"Senin, 23 April 2023","payment_method":"DOKU CHECKOUT","status":"PENDING","product_id":2,"product_name":"Netflix Sebulan","url_checkout":"http://localhost:3000/checkout123123123","expired":"Selasa, 23 Mei 2023"}
2023-07-28T04:09:38.527Z info: /create-transaction - ::1 - ============== Save to DB =============
2023-07-28T04:09:38.527Z info: /create-transaction - ::1 - Transaction Created
2023-07-28T04:10:18.984Z error: /product - ::1 - Exception, Invalid Signature
2023-07-28T04:49:51.074Z info: Server listening at http://localhost:3000
2023-07-28T04:51:22.300Z info: Server listening at http://localhost:3000
2023-07-28T06:41:53.966Z info: /create-transaction - ::1 - ============== Inisiasi Data =============
2023-07-28T06:41:53.966Z info: /create-transaction - ::1 - {"name":"Alif","email":"m.alif@doku.com","phone":"082222222","invoice":"INV-checout-001","amount":56000,"transaction_date":"Senin, 23 April 2023","transaction_update":"Senin, 23 April 2023","payment_method":"DOKU CHECKOUT","status":"PENDING","product_id":2,"product_name":"Netflix Sebulan","url_checkout":"http://localhost:3000/checkout123123123","expired":"Selasa, 23 Mei 2023"}
2023-07-28T06:41:53.966Z info: /create-transaction - ::1 - ============== Save to DB =============
2023-07-28T06:41:53.967Z info: /create-transaction - ::1 - Transaction Created
2023-07-28T06:46:21.568Z info: Server listening at http://localhost:3000
2023-07-28T06:46:34.525Z info: Server listening at http://localhost:3000
2023-07-28T06:46:48.437Z info: Server listening at http://localhost:3000
2023-07-28T06:46:58.115Z info: Server listening at http://localhost:3000
2023-07-28T06:47:25.339Z info: Server listening at http://localhost:3000
2023-07-28T06:50:45.926Z info: Server listening at http://localhost:3000
2023-07-28T06:50:48.612Z info: /check-transaction - ::1 - ============== Get Data INV-checout-001 =============
2023-07-28T06:50:48.613Z error: /check-transaction - ::1 - Exception, Invalid Signature
2023-07-28T06:51:09.411Z info: /check-transaction - ::1 - ============== Get Data INV-checout-001 =============
2023-07-28T06:52:01.066Z info: Server listening at http://localhost:3000
2023-07-28T06:52:46.074Z info: Server listening at http://localhost:3000
2023-07-28T06:52:55.425Z info: Server listening at http://localhost:3000
2023-07-28T06:53:00.488Z info: Server listening at http://localhost:3000
2023-07-28T06:53:37.669Z info: Server listening at http://localhost:3000
2023-07-28T06:54:28.992Z info: Server listening at http://localhost:3000
2023-07-28T06:55:23.671Z info: Server listening at http://localhost:3000
2023-07-28T06:55:25.237Z info: /check-transaction - ::1 - ============== Get Data INV-checout-001 =============
2023-07-28T06:55:42.904Z info: Server listening at http://localhost:3000
2023-07-28T06:55:46.382Z info: /check-transaction - ::1 - ============== Get Data INV-checout-001 =============
2023-07-28T06:55:46.383Z info: /check-transaction - ::1 - Data Collected
2023-07-28T07:12:12.863Z info: Server listening at http://localhost:3000
2023-07-28T07:15:03.009Z info: Server listening at http://localhost:3000
2023-07-28T07:15:15.837Z info: Server listening at http://localhost:3000
2023-07-28T07:16:17.811Z info: Server listening at http://localhost:3000
2023-07-28T07:46:05.925Z info: Server listening at http://localhost:3000
2023-07-28T07:46:14.824Z info: Server listening at http://localhost:3000
2023-07-28T07:55:00.579Z info: Server listening at http://localhost:3000
2023-07-28T07:55:51.963Z info: Server listening at http://localhost:3000
2023-07-28T07:56:01.116Z info: Server listening at http://localhost:3000
2023-07-28T07:57:28.559Z info: Server listening at http://localhost:3000
2023-07-28T08:01:30.495Z info: Server listening at http://localhost:3000
2023-07-28T08:04:52.585Z info: Server listening at http://localhost:3000
2023-07-28T08:05:24.487Z info: Server listening at http://localhost:3000
2023-07-28T08:05:30.538Z info: Server listening at http://localhost:3000
2023-07-28T08:05:51.917Z info: Server listening at http://localhost:3000
2023-07-28T08:05:53.836Z info: Server listening at http://localhost:3000
2023-07-28T08:06:55.819Z info: /create-transaction - ::1 - ============== Inisiasi Data =============
2023-07-28T08:06:55.819Z info: /create-transaction - ::1 - {"name":"Alif","email":"m.alif@doku.com","phone":"082222222","invoice":"INV-checout-001","amount":56000,"payment_method":"DOKU CHECKOUT","status":"PENDING","product_id":2,"product_name":"Netflix Sebulan","expired":"Selasa, 23 Mei 2023"}
2023-07-28T08:06:55.819Z info: /create-transaction - ::1 - ============== Save to DB =============
2023-07-28T08:06:55.819Z info: /create-transaction - ::1 - Transaction Created
2023-07-28T08:10:03.060Z info: Server listening at http://localhost:3000
2023-07-28T08:10:06.463Z info: /add-user - ::1 - ============== Inisiasi Data User =============
2023-07-28T08:10:38.127Z info: Server listening at http://localhost:3000
2023-07-28T08:10:40.509Z info: /add-user - ::1 - ============== Inisiasi Data User =============
2023-07-28T08:10:40.509Z info: /add-user - ::1 - {"name":"Alif","email":"m.alif@doku.com","phone":"082222222","invoice":"INV-checout-001","product_id":2,"product_name":"Netflix Sebulan","expired":"Selasa, 23 Mei 2023"}
2023-07-28T08:10:40.509Z info: /add-user - ::1 - ============== Save to DB =============
2023-07-28T08:13:26.840Z info: Server listening at http://localhost:3000
2023-07-28T08:13:32.495Z info: /add-user - ::1 - ============== Inisiasi Data User =============
2023-07-28T08:13:32.496Z info: /add-user - ::1 - {"name":"Alif","email":"m.alif@doku.com","phone":"082222222","invoice":"INV-checout-001","product_id":2,"product_name":"Netflix Sebulan","expired":"Selasa, 23 Mei 2023"}
2023-07-28T08:13:32.496Z info: /add-user - ::1 - ============== Save to DB =============
2023-07-28T08:14:48.016Z info: Server listening at http://localhost:3000
2023-07-28T08:14:50.199Z info: Server listening at http://localhost:3000
2023-07-28T08:14:54.507Z info: /add-user - ::1 - ============== Inisiasi Data User =============
2023-07-28T08:14:54.508Z info: /add-user - ::1 - {"name":"Alif","email":"m.alif@doku.com","phone":"082222222","invoice":"INV-checout-001","product_id":2,"product_name":"Netflix Sebulan","expired":"Selasa, 23 Mei 2023"}
2023-07-28T08:14:54.508Z info: /add-user - ::1 - ============== Save to DB =============
2023-07-28T08:17:40.483Z info: Server listening at http://localhost:3000
2023-07-28T08:17:45.029Z info: /add-user - ::1 - ============== Inisiasi Data User =============
2023-07-28T08:17:45.029Z info: /add-user - ::1 - {"name":"Alif","email":"m.alif@doku.com","phone":"082222222","invoice":"INV-checout-001","product_id":2,"product_name":"Netflix Sebulan","expired":"Selasa, 23 Mei 2023"}
2023-07-28T08:17:45.029Z info: /add-user - ::1 - ============== Save to DB =============
2023-07-28T08:18:51.476Z info: Server listening at http://localhost:3000
2023-07-28T08:23:01.964Z info: Server listening at http://localhost:3000
2023-07-28T08:23:10.055Z info: Server listening at http://localhost:3000
2023-07-28T08:23:37.128Z info: Server listening at http://localhost:3000
2023-07-28T08:23:53.781Z info: Server listening at http://localhost:3000
2023-07-28T08:26:01.475Z info: Server listening at http://localhost:3000
2023-07-28T08:27:37.925Z info: Server listening at http://localhost:3000
2023-07-28T08:30:12.350Z info: Server listening at http://localhost:3000
2023-07-28T08:31:07.063Z info: Server listening at http://localhost:3000
2023-07-28T08:31:59.613Z info: Server listening at http://localhost:3000
2023-07-28T08:32:12.434Z info: Server listening at http://localhost:3000
2023-07-28T08:32:48.170Z info: Server listening at http://localhost:3000
2023-07-28T08:34:16.304Z info: Server listening at http://localhost:3000
2023-07-28T08:34:45.841Z info: Server listening at http://localhost:3000
2023-07-28T09:03:13.972Z info: Server listening at http://localhost:3000
2023-07-28T09:04:14.005Z info: Server listening at http://localhost:3000
2023-07-28T09:05:02.330Z info: Server listening at http://localhost:3000
2023-07-28T09:07:13.142Z info: Server listening at http://localhost:3000
2023-07-28T09:19:29.009Z info: Server listening at http://localhost:3000
2023-07-28T09:21:47.160Z info: Server listening at http://localhost:3000
2023-07-28T09:21:58.043Z info: /add-user - ::1 - ============== Inisiasi Data User =============
2023-07-28T09:21:58.043Z info: /add-user - ::1 - {"name":"Alif","email":"m.alif@doku.com","phone":"082222222","invoice":"INV-checout-001","product_id":2,"product_name":"Netflix Sebulan","expired":"Selasa, 23 Mei 2023"}
2023-07-28T09:21:58.043Z info: /add-user - ::1 - ============== Save to DB =============
2023-07-28T09:21:58.067Z error: /check-id/customer - ::1 - Exception, Invalid Signature
2023-07-28T09:33:30.495Z info: /add-user - ::1 - ============== Inisiasi Data User =============
2023-07-28T09:33:30.495Z info: /add-user - ::1 - {"name":"Alif","email":"m.alif@doku.com","phone":"082222222","invoice":"INV-checout-001","product_id":2,"product_name":"Netflix Sebulan","expired":"Selasa, 23 Mei 2023"}
2023-07-28T09:33:30.495Z info: /add-user - ::1 - ============== Save to DB =============
2023-07-28T09:33:30.499Z error: /check-id/customer - ::1 - Exception, Invalid Signature
2023-07-28T09:39:30.226Z info: Server listening at http://localhost:3000
2023-07-28T09:41:30.255Z info: Server listening at http://localhost:3000
2023-07-28T09:41:37.883Z info: /add-user - ::1 - ============== Inisiasi Data User =============
2023-07-28T09:41:37.883Z info: /add-user - ::1 - {"name":"Alif","email":"m.alif@doku.com","phone":"082222222","invoice":"INV-checout-001","product_id":2,"product_name":"Netflix Sebulan","expired":"Selasa, 23 Mei 2023"}
2023-07-28T09:41:37.883Z info: /add-user - ::1 - ============== Save to DB =============
2023-07-28T09:54:50.265Z info: Server listening at http://localhost:3000
2023-07-28T09:55:28.602Z info: /add-user - ::1 - ============== Inisiasi Data User =============
2023-07-28T09:55:28.602Z info: /add-user - ::1 - {"name":"Alif","email":"m.alif@doku.com","phone":"082222222","invoice":"INV-checout-001","product_id":2,"product_name":"Netflix Sebulan","expired":"Selasa, 23 Mei 2023"}
2023-07-28T09:55:28.602Z info: /add-user - ::1 - ============== Save to DB =============
2023-07-28T09:57:15.299Z info: Server listening at http://localhost:3000
2023-07-28T09:57:21.649Z info: /add-user - ::1 - ============== Inisiasi Data User =============
2023-07-28T09:57:21.649Z info: /add-user - ::1 - {"name":"Alif","email":"m.alif@doku.com","phone":"082222222","invoice":"INV-checout-001","product_id":2,"product_name":"Netflix Sebulan","expired":"Selasa, 23 Mei 2023"}
2023-07-28T09:57:21.649Z info: /add-user - ::1 - ============== Save to DB =============
2023-07-28T10:05:13.518Z info: Server listening at http://localhost:3000
2023-07-28T10:05:17.640Z info: /add-user - ::1 - ============== Inisiasi Data User =============
2023-07-28T10:05:17.640Z info: /add-user - ::1 - {"name":"Alif","email":"m.alif@doku.com","phone":"082222222","invoice":"INV-checout-001","product_id":2,"product_name":"Netflix Sebulan","expired":"Selasa, 23 Mei 2023"}
2023-07-28T10:05:17.640Z info: /add-user - ::1 - ============== Save to DB =============
2023-07-28T10:06:03.235Z info: Server listening at http://localhost:3000
2023-07-28T10:06:08.394Z info: Server listening at http://localhost:3000
2023-07-28T10:06:14.840Z info: /add-user - ::1 - ============== Inisiasi Data User =============
2023-07-28T10:06:14.840Z info: /add-user - ::1 - {"name":"Alif","email":"m.alif@doku.com","phone":"082222222","invoice":"INV-checout-001","product_id":2,"product_name":"Netflix Sebulan","expired":"Selasa, 23 Mei 2023"}
2023-07-28T10:06:14.841Z info: /add-user - ::1 - ============== Save to DB =============
2023-07-28T10:06:29.855Z info: Server listening at http://localhost:3000
2023-07-28T10:06:34.364Z info: Server listening at http://localhost:3000
2023-07-28T10:06:38.375Z info: /add-user - ::1 - ============== Inisiasi Data User =============
2023-07-28T10:06:38.375Z info: /add-user - ::1 - {"name":"Alif","email":"m.alif@doku.com","phone":"082222222","invoice":"INV-checout-001","product_id":2,"product_name":"Netflix Sebulan","expired":"Selasa, 23 Mei 2023"}
2023-07-28T10:06:38.375Z info: /add-user - ::1 - ============== Save to DB =============
2023-07-28T10:06:43.095Z info: Server listening at http://localhost:3000
2023-07-28T10:06:55.284Z info: /add-user - ::1 - ============== Inisiasi Data User =============
2023-07-28T10:06:55.284Z info: /add-user - ::1 - {"name":"Alif","email":"m.alif@doku.com","phone":"082222222","invoice":"INV-checout-001","product_id":2,"product_name":"Netflix Sebulan","expired":"Selasa, 23 Mei 2023"}
2023-07-28T10:06:55.284Z info: /add-user - ::1 - ============== Save to DB =============
2023-07-28T10:10:49.950Z info: Server listening at http://localhost:3000
2023-07-28T10:10:59.581Z info: Server listening at http://localhost:3000
2023-07-28T10:11:06.361Z info: /add-user - ::1 - ============== Inisiasi Data User =============
2023-07-28T10:11:06.361Z info: /add-user - ::1 - {"name":"Alif","email":"m.alif@doku.com","phone":"082222222","invoice":"INV-checout-001","product_id":2,"product_name":"Netflix Sebulan","expired":"Selasa, 23 Mei 2023"}
2023-07-28T10:11:06.361Z info: /add-user - ::1 - ============== Save to DB =============
2023-07-28T10:11:06.398Z error: /add-user - ::1 - Exception, Please Check Your Code!
2023-07-28T10:13:12.403Z info: Server listening at http://localhost:3000
2023-07-28T10:13:34.936Z info: Server listening at http://localhost:3000
2023-07-28T10:13:38.121Z info: /add-user - ::1 - ============== Inisiasi Data User =============
2023-07-28T10:13:38.121Z info: /add-user - ::1 - {"name":"Alif","email":"m.alif@doku.com","phone":"082222222","invoice":"INV-checout-001","product_id":2,"product_name":"Netflix Sebulan","expired":"Selasa, 23 Mei 2023"}
2023-07-28T10:13:38.121Z info: /add-user - ::1 - ============== Save to DB =============
2023-07-28T10:14:08.636Z info: Server listening at http://localhost:3000
2023-07-28T10:14:13.345Z info: /add-user - ::1 - ============== Inisiasi Data User =============
2023-07-28T10:14:13.345Z info: /add-user - ::1 - {"name":"Alif","email":"m.alif@doku.com","phone":"082222222","invoice":"INV-checout-001","product_id":2,"product_name":"Netflix Sebulan","expired":"Selasa, 23 Mei 2023"}
2023-07-28T10:14:13.345Z info: /add-user - ::1 - ============== Save to DB =============
2023-07-28T10:14:25.152Z info: Server listening at http://localhost:3000
2023-07-28T10:14:29.519Z info: /add-user - ::1 - ============== Inisiasi Data User =============
2023-07-28T10:14:29.519Z info: /add-user - ::1 - {"name":"Alif","email":"m.alif@doku.com","phone":"082222222","invoice":"INV-checout-001","product_id":2,"product_name":"Netflix Sebulan","expired":"Selasa, 23 Mei 2023"}
2023-07-28T10:14:29.519Z info: /add-user - ::1 - ============== Save to DB =============
2023-07-28T10:14:55.818Z info: Server listening at http://localhost:3000
2023-07-28T10:15:02.387Z info: Server listening at http://localhost:3000
2023-07-28T10:17:38.222Z info: /add-user - ::1 - ============== Inisiasi Data User =============
2023-07-28T10:17:38.222Z info: /add-user - ::1 - {"name":"Alif","email":"m.alif@doku.com","phone":"082222222","invoice":"INV-checout-001","product_id":2,"product_name":"Netflix Sebulan","expired":"Selasa, 23 Mei 2023"}
2023-07-28T10:17:38.222Z info: /add-user - ::1 - ============== Save to DB =============
2023-07-28T10:17:38.258Z info: /add-user - ::1 - User has been added
2023-07-28T10:18:20.648Z info: /add-user - ::1 - ============== Inisiasi Data User =============
2023-07-28T10:18:20.649Z info: /add-user - ::1 - {"name":"jikun","email":"m.alif@doku.com","phone":"082222222","invoice":"INV-checout-001","product_id":2,"product_name":"Netflix Sebulan","expired":"Selasa, 23 Mei 2023"}
2023-07-28T10:18:20.650Z info: /add-user - ::1 - ============== Save to DB =============
2023-07-28T10:18:36.742Z info: Server listening at http://localhost:3000
2023-07-28T10:18:43.442Z info: Server listening at http://localhost:3000
2023-07-28T10:18:53.152Z info: /add-user - ::1 - ============== Inisiasi Data User =============
2023-07-28T10:18:53.152Z info: /add-user - ::1 - {"name":"jikun","email":"m.alif@doku.com","phone":"082222222","invoice":"INV-checout-001","product_id":2,"product_name":"Netflix Sebulan","expired":"Selasa, 23 Mei 2023"}
2023-07-28T10:18:53.152Z info: /add-user - ::1 - ============== Save to DB =============
2023-07-28T10:18:53.176Z info: /add-user - ::1 - User has been added
2023-07-28T10:34:00.640Z info: Server listening at http://localhost:3000
2023-07-28T10:35:39.630Z info: Server listening at http://localhost:3000
2023-07-28T11:29:42.909Z info: Server listening at http://localhost:3000
2023-07-28T13:07:11.704Z info: Server listening at http://localhost:3000
2023-07-28T13:07:13.495Z info: Server listening at http://localhost:3000
2023-07-28T13:10:54.810Z info: Server listening at http://localhost:3000
2023-07-29T02:15:18.784Z info: Server listening at http://localhost:3000
2023-07-30T01:26:38.445Z info: Server listening at http://localhost:3000
2023-07-31T03:43:06.295Z info: Server listening at http://localhost:3000
2023-07-31T04:05:59.526Z info: Server listening at http://localhost:3000
2023-07-31T04:07:06.473Z info: Server listening at http://localhost:3000
2023-07-31T04:16:11.370Z info: Server listening at http://localhost:3000
2023-07-31T06:05:18.834Z info: Server listening at http://localhost:3000
2023-07-31T06:05:34.414Z info: Server listening at http://localhost:3000
2023-07-31T06:05:35.981Z info: Server listening at http://localhost:3000
2023-07-31T06:23:01.002Z info: Server listening at http://localhost:3000
2023-07-31T06:24:04.028Z info: Server listening at http://localhost:3000
2023-07-31T06:27:32.580Z info: Server listening at http://localhost:3000
2023-07-31T06:30:37.655Z info: Server listening at http://localhost:3000
2023-07-31T06:31:04.914Z info: Server listening at http://localhost:3000
2023-07-31T06:31:50.662Z info: Server listening at http://localhost:3000
2023-07-31T06:31:55.172Z info: Server listening at http://localhost:3000
2023-07-31T06:33:29.894Z info: Server listening at http://localhost:3000
2023-07-31T06:34:32.576Z info: Server listening at http://localhost:3000
2023-07-31T06:39:53.293Z info: Server listening at http://localhost:3000
2023-07-31T06:40:24.058Z info: Server listening at http://localhost:3000
2023-07-31T06:40:28.058Z info: Server listening at http://localhost:3000
2023-07-31T06:40:32.031Z info: Server listening at http://localhost:3000
2023-07-31T06:40:55.346Z info: Server listening at http://localhost:3000
2023-07-31T06:41:09.743Z info: Server listening at http://localhost:3000
2023-07-31T06:41:47.621Z info: Server listening at http://localhost:3000
2023-07-31T06:42:32.704Z info: Server listening at http://localhost:3000
2023-07-31T06:43:32.181Z info: Server listening at http://localhost:3000
2023-07-31T06:43:50.760Z info: Server listening at http://localhost:3000
2023-07-31T06:44:28.573Z info: Server listening at http://localhost:3000
2023-07-31T06:45:10.421Z info: Server listening at http://localhost:3000
2023-07-31T06:45:23.275Z info: Server listening at http://localhost:3000
2023-07-31T06:45:27.916Z info: Server listening at http://localhost:3000
2023-07-31T06:45:28.379Z info: Server listening at http://localhost:3000
2023-07-31T06:46:19.681Z info: Server listening at http://localhost:3000
2023-07-31T06:46:24.768Z error: /product - ::1 - Exception, Invalid Request
2023-07-31T08:01:46.964Z info: Server listening at http://localhost:3000
2023-07-31T08:33:24.154Z error: /product - ::1 - Exception, Invalid Request
2023-07-31T08:33:43.041Z error: /product - ::1 - Exception, Invalid Request
2023-07-31T08:33:48.098Z error: /product - ::1 - Exception, Invalid Request
2023-07-31T10:37:57.416Z info: Server listening at http://localhost:3000
2023-07-31T10:38:34.681Z info: Server listening at http://localhost:3000
2023-07-31T10:38:54.896Z info: Server listening at http://localhost:3000
2023-07-31T10:39:05.808Z info: Server listening at http://localhost:3000
2023-07-31T10:39:10.016Z error: /product - ::1 - Exception, Data Not Found.
2023-07-31T11:06:14.884Z error: /product - ::1 - Exception, Data Not Found.
2023-07-31T11:17:05.812Z info: Server listening at http://localhost:3000
2023-07-31T11:17:08.134Z info: Server listening at http://localhost:3000
2023-07-31T11:17:24.048Z info: Server listening at http://localhost:3000
2023-07-31T11:17:36.616Z info: Server listening at http://localhost:3000
2023-07-31T11:17:47.770Z info: Server listening at http://localhost:3000
2023-07-31T11:18:56.824Z info: Server listening at http://localhost:3000
2023-07-31T11:18:57.846Z info: Server listening at http://localhost:3000
2023-07-31T11:20:07.961Z info: Server listening at http://localhost:3000
2023-07-31T11:22:17.707Z info: Server listening at http://localhost:3000
2023-07-31T11:24:05.081Z info: Server listening at http://localhost:3000
2023-07-31T11:24:17.014Z info: Server listening at http://localhost:3000
2023-07-31T11:24:59.607Z info: Server listening at http://localhost:3000
2023-07-31T11:25:10.643Z info: Server listening at http://localhost:3000
2023-07-31T11:25:14.960Z info: Server listening at http://localhost:3000
2023-07-31T11:26:42.596Z info: Server listening at http://localhost:3000
2023-07-31T11:26:52.837Z info: Server listening at http://localhost:3000
2023-07-31T11:26:58.796Z info: Server listening at http://localhost:3000
2023-07-31T11:27:40.119Z info: Server listening at http://localhost:3000
2023-07-31T11:27:54.654Z info: Server listening at http://localhost:3000
2023-07-31T11:45:51.256Z info: Server listening at http://localhost:3000
2023-07-31T11:45:57.292Z error: /product - ::1 - Exception, Invalid Signature
2023-07-31T11:46:17.899Z info: Server listening at http://localhost:3000
2023-07-31T11:47:34.036Z info: Server listening at http://localhost:3000
2023-07-31T11:47:53.172Z error: /product - ::1 - Exception, Invalid Signature
2023-07-31T11:48:54.602Z info: Server listening at http://localhost:3000
2023-07-31T11:49:13.227Z info: Server listening at http://localhost:3000
2023-07-31T11:49:18.864Z error: /product - ::1 - Exception, Invalid Signature
2023-07-31T11:50:21.774Z info: Server listening at http://localhost:3000
2023-07-31T11:50:28.835Z error: /product - ::1 - Exception, Invalid Signature
2023-07-31T11:52:15.250Z info: Server listening at http://localhost:3000
2023-07-31T11:52:17.726Z error: /product - ::1 - Exception, Invalid Signature
2023-07-31T11:52:25.927Z info: Server listening at http://localhost:3000
2023-07-31T11:54:09.758Z info: Server listening at http://localhost:3000
2023-07-31T11:54:14.159Z info: Server listening at http://localhost:3000
2023-07-31T11:54:29.459Z info: Server listening at http://localhost:3000
2023-07-31T11:54:35.586Z info: Server listening at http://localhost:3000
2023-07-31T11:56:09.407Z info: Server listening at http://localhost:3000
2023-07-31T11:57:02.500Z info: Server listening at http://localhost:3000
2023-07-31T11:57:37.404Z info: Server listening at http://localhost:3000
2023-07-31T11:57:59.041Z info: Server listening at http://localhost:3000
2023-07-31T11:58:38.981Z info: Server listening at http://localhost:3000
2023-07-31T11:59:18.928Z info: Server listening at http://localhost:3000
2023-07-31T11:59:49.733Z info: Server listening at http://localhost:3000
2023-07-31T12:00:22.224Z info: Server listening at http://localhost:3000
2023-07-31T12:00:42.638Z info: Server listening at http://localhost:3000
2023-07-31T12:01:36.682Z info: Server listening at http://localhost:3000
2023-07-31T12:02:02.177Z info: Server listening at http://localhost:3000
2023-07-31T12:02:07.321Z info: Server listening at http://localhost:3000
2023-07-31T12:02:16.256Z info: Server listening at http://localhost:3000
2023-07-31T12:03:27.160Z info: Server listening at http://localhost:3000
2023-07-31T12:04:11.593Z info: Server listening at http://localhost:3000
2023-07-31T12:04:35.126Z info: Server listening at http://localhost:3000
2023-07-31T12:04:59.493Z info: Server listening at http://localhost:3000
2023-07-31T12:06:18.595Z info: Server listening at http://localhost:3000
2023-07-31T13:16:36.075Z info: Server listening at http://localhost:3000
2023-08-01T01:35:24.654Z info: Server listening at http://localhost:3000
2023-08-01T01:35:53.862Z info: Server listening at http://localhost:3000
2023-08-01T01:35:54.749Z info: Server listening at http://localhost:3000
2023-08-01T01:35:57.784Z info: Server listening at http://localhost:3000
2023-08-01T01:45:42.405Z info: Server listening at http://localhost:3000
2023-08-01T02:02:33.155Z info: Server listening at http://localhost:3000
2023-08-01T02:02:39.978Z info: Server listening at http://localhost:3000
2023-08-01T02:02:43.217Z info: Server listening at http://localhost:3000
2023-08-01T02:02:44.212Z info: Server listening at http://localhost:3000
2023-08-01T02:03:00.362Z info: Server listening at http://localhost:3000
2023-08-01T02:04:00.330Z info: Server listening at http://localhost:3000
2023-08-01T02:04:41.493Z info: Server listening at http://localhost:3000
2023-08-01T02:05:19.524Z info: Server listening at http://localhost:3000
2023-08-01T02:05:34.357Z info: Server listening at http://localhost:3000
2023-08-01T03:38:48.843Z info: Server listening at http://localhost:3000
2023-08-01T03:52:30.804Z info: Server listening at http://localhost:3000
2023-08-01T03:54:40.526Z info: Server listening at http://localhost:3000
2023-08-01T03:55:04.646Z info: Server listening at http://localhost:3000
2023-08-01T03:55:40.089Z info: Server listening at http://localhost:3000
2023-08-01T04:00:31.533Z info: Server listening at http://localhost:3000
2023-08-01T04:17:28.311Z info: Server listening at http://localhost:3000
2023-08-01T04:17:39.206Z info: Server listening at http://localhost:3000
2023-08-01T04:17:52.950Z info: Server listening at http://localhost:3000
2023-08-01T04:18:50.864Z info: Server listening at http://localhost:3000
2023-08-01T04:19:13.599Z info: Server listening at http://localhost:3000
2023-08-01T04:21:23.601Z info: Server listening at http://localhost:3000
2023-08-01T04:25:38.565Z info: Server listening at http://localhost:3000
2023-08-01T05:02:18.169Z info: Server listening at http://localhost:3000
2023-08-01T05:02:29.680Z info: Server listening at http://localhost:3000
2023-08-01T05:59:52.913Z info: Server listening at http://localhost:3000
2023-08-01T06:00:29.495Z info: Server listening at http://localhost:3000
2023-08-01T06:00:33.123Z info: Server listening at http://localhost:3000
2023-08-01T06:00:55.222Z info: Server listening at http://localhost:3000
2023-08-01T06:04:31.518Z info: Server listening at http://localhost:3000
2023-08-01T06:21:02.936Z info: Server listening at http://localhost:3000
2023-08-01T06:22:11.856Z info: Server listening at http://localhost:3000
2023-08-01T06:23:10.628Z info: Server listening at http://localhost:3000
2023-08-01T06:30:22.593Z info: Server listening at http://localhost:3000
2023-08-01T06:30:26.293Z info: Server listening at http://localhost:3000
2023-08-01T06:30:44.196Z info: Server listening at http://localhost:3000
2023-08-01T07:18:06.798Z info: /create-transaction - ::1 - ============== Inisiasi Data =============
2023-08-01T07:18:06.798Z info: /create-transaction - ::1 - {"name":"Alif","email":"m.alif@doku.com","phone":"082222222","invoice":"INV-checout-001","amount":56000,"transaction_date":"Senin, 23 April 2023","transaction_update":"Senin, 23 April 2023","payment_method":"DOKU CHECKOUT","status":"PENDING","product_id":2,"product_name":"Netflix Sebulan","url_checkout":"http://localhost:3000/checkout123123123","expired":"Selasa, 23 Mei 2023"}
2023-08-01T07:18:06.798Z info: /create-transaction - ::1 - ============== Save to DB =============
2023-08-01T07:18:06.800Z info: /create-transaction - ::1 - Transaction Created
2023-08-01T07:27:23.645Z info: /check-transaction - ::1 - ============== Get Data INV-checout-001 =============
2023-08-01T07:27:23.646Z info: /check-transaction - ::1 - Data Collected
2023-08-01T07:35:58.108Z info: Server listening at http://localhost:3000
2023-08-01T07:48:45.791Z info: Server listening at http://localhost:3000
2023-08-01T09:09:03.641Z info: Server listening at http://localhost:3000
2023-08-01T09:09:20.829Z info: Server listening at http://localhost:3000
2023-08-01T09:09:43.870Z info: Server listening at http://localhost:3000
2023-08-01T09:13:14.435Z info: Server listening at http://localhost:3000
2023-08-01T09:13:37.462Z info: Server listening at http://localhost:3000
2023-08-01T09:13:41.872Z info: Server listening at http://localhost:3000
2023-08-01T09:13:49.552Z info: Server listening at http://localhost:3000
2023-08-01T09:15:41.834Z info: Server listening at http://localhost:3000
2023-08-01T09:15:50.765Z info: Server listening at http://localhost:3000
2023-08-01T09:15:55.052Z info: Server listening at http://localhost:3000
2023-08-01T09:16:20.140Z info: Server listening at http://localhost:3000
2023-08-01T09:16:41.261Z info: Server listening at http://localhost:3000
2023-08-01T09:17:22.697Z info: Server listening at http://localhost:3000
2023-08-01T09:20:13.630Z info: Server listening at http://localhost:3000
2023-08-01T09:26:09.309Z info: Server listening at http://localhost:3000
2023-08-01T09:27:17.800Z info: Server listening at http://localhost:3000
2023-08-01T09:27:47.483Z info: Server listening at http://localhost:3000
2023-08-01T09:29:56.063Z info: Server listening at http://localhost:3000
2023-08-01T09:32:50.718Z info: Server listening at http://localhost:3000
2023-08-01T09:33:47.621Z info: Server listening at http://localhost:3000
2023-08-01T09:34:32.132Z info: Server listening at http://localhost:3000
2023-08-01T09:34:57.805Z info: Server listening at http://localhost:3000
2023-08-01T09:36:00.403Z info: Server listening at http://localhost:3000
2023-08-01T09:38:27.943Z info: /add-user - ::1 - ============== Inisiasi Data User =============
2023-08-01T09:38:27.943Z info: /add-user - ::1 - {"name":"jikun","email":"m.alif@doku.com","phone":"082222222","invoice":"INV-checout-006","product_id":2,"product_name":"Netflix Sebulan","expired":"Selasa, 23 Mei 2023"}
2023-08-01T09:38:27.944Z info: /add-user - ::1 - ============== Save to DB =============
2023-08-01T09:38:27.970Z info: /add-user - ::1 - User has been added
2023-08-01T09:39:48.906Z info: Server listening at http://localhost:3000
2023-08-01T09:39:51.920Z info: /add-user - ::1 - ============== Inisiasi Data User =============
2023-08-01T09:39:51.920Z info: /add-user - ::1 - {"name":"jikun","email":"m.alif@doku.com","phone":"082222222","invoice":"INV-checout-006","product_id":2,"product_name":"Netflix Sebulan","expired":"Selasa, 23 Mei 2023"}
2023-08-01T09:39:51.920Z info: /add-user - ::1 - ============== Save to DB =============
2023-08-01T09:39:51.945Z info: /add-user - ::1 - User has been added
2023-08-01T09:40:23.191Z info: Server listening at http://localhost:3000
2023-08-01T09:40:57.874Z info: /add-user - ::1 - ============== Inisiasi Data User =============
2023-08-01T09:40:57.874Z info: /add-user - ::1 - {"name":"jikun","email":"m.alif@doku.com","phone":"082222222","invoice":"INV-checout-006","product_id":2,"product_name":"Netflix Sebulan","expired":"Selasa, 23 Mei 2023"}
2023-08-01T09:40:57.874Z info: /add-user - ::1 - ============== Save to DB =============
2023-08-01T09:40:57.905Z info: /add-user - ::1 - User has been added
2023-08-01T09:46:27.106Z error: /check-id/customer - ::1 - Exception, Invalid Signature
2023-08-01T09:47:45.714Z info: Server listening at http://localhost:3000
2023-08-01T09:48:02.280Z info: Server listening at http://localhost:3000
2023-08-01T09:48:14.029Z info: /add-user - ::1 - ============== Inisiasi Data User =============
2023-08-01T09:48:14.029Z info: /add-user - ::1 - {"name":"jikun","email":"m.alif@doku.com","phone":"082222222","invoice":"INV-checout-006","product_id":2,"product_name":"Netflix Sebulan","expired":"Selasa, 23 Mei 2023"}
2023-08-01T09:48:14.029Z info: /add-user - ::1 - ============== Save to DB =============
2023-08-01T09:48:14.051Z info: /add-user - ::1 - User has been added
2023-08-01T09:49:03.095Z info: Server listening at http://localhost:3000
2023-08-01T09:49:13.083Z info: /add-user - ::1 - ============== Inisiasi Data User =============
2023-08-01T09:49:13.083Z info: /add-user - ::1 - {"name":"jikun","email":"m.alif@doku.com","phone":"082222222","invoice":"INV-checout-006","product_id":2,"product_name":"Netflix Sebulan","expired":"Selasa, 23 Mei 2023"}
2023-08-01T09:49:13.084Z info: /add-user - ::1 - ============== Save to DB =============
2023-08-01T09:49:13.106Z info: /add-user - ::1 - User has been added
2023-08-01T09:51:47.804Z info: Server listening at http://localhost:3000
