2023-07-27T13:10:50.596Z error: /create-transaction - ::1 - Exception, Invalid Signature
2023-07-27T13:12:18.430Z error: /create-transaction - ::1 - Exception, Invalid Signature
2023-07-27T13:15:16.008Z error: /create-transaction - ::1 - Exception, Invalid Signature
2023-07-27T13:17:09.525Z error: /create-transaction - ::1 - Exception, Invalid Signature
2023-07-27T13:18:10.123Z error: /create-transaction - ::1 - Exception, Invalid Signature
2023-07-27T13:19:50.488Z error: /create-transaction - ::1 - Exception, Invalid Signature
2023-07-27T13:40:02.868Z error: /create-transaction - ::1 - Exception, Invalid Signature
2023-07-28T01:30:31.490Z error: /check-id - ::1 - Exception, Invalid Signature
2023-07-28T01:38:24.983Z error: /product - ::1 - Exception, Invalid Signature
2023-07-28T04:10:18.984Z error: /product - ::1 - Exception, Invalid Signature
2023-07-28T06:50:48.613Z error: /check-transaction - ::1 - Exception, Invalid Signature
2023-07-28T09:21:58.067Z error: /check-id/customer - ::1 - Exception, Invalid Signature
2023-07-28T09:33:30.499Z error: /check-id/customer - ::1 - Exception, Invalid Signature
2023-07-28T10:11:06.398Z error: /add-user - ::1 - Exception, Please Check Your Code!
2023-07-31T06:46:24.768Z error: /product - ::1 - Exception, Invalid Request
2023-07-31T08:33:24.154Z error: /product - ::1 - Exception, Invalid Request
2023-07-31T08:33:43.041Z error: /product - ::1 - Exception, Invalid Request
2023-07-31T08:33:48.098Z error: /product - ::1 - Exception, Invalid Request
2023-07-31T10:39:10.016Z error: /product - ::1 - Exception, Data Not Found.
2023-07-31T11:06:14.884Z error: /product - ::1 - Exception, Data Not Found.
2023-07-31T11:45:57.292Z error: /product - ::1 - Exception, Invalid Signature
2023-07-31T11:47:53.172Z error: /product - ::1 - Exception, Invalid Signature
2023-07-31T11:49:18.864Z error: /product - ::1 - Exception, Invalid Signature
2023-07-31T11:50:28.835Z error: /product - ::1 - Exception, Invalid Signature
2023-07-31T11:52:17.726Z error: /product - ::1 - Exception, Invalid Signature
2023-08-01T09:46:27.106Z error: /check-id/customer - ::1 - Exception, Invalid Signature
2023-08-01T09:58:44.620Z error: /check-id/customer - ::1 - last id from user adalah 2 
2023-08-01T09:59:31.502Z error: /check-id/customer - ::1 - last id from user adalah 2 
2023-08-01T10:00:22.205Z error: /check-id/customer - ::1 - last id from user adalah 2 
2023-08-01T10:01:31.596Z error: /check-id/customer - ::1 - last id from user adalah 2 
2023-08-01T10:02:28.813Z error: /check-id/customer - ::1 - last id from user adalah 2 
2023-08-01T10:02:42.343Z error: /check-id/customer - ::1 - last id from user adalah 2 
2023-08-01T10:03:19.258Z error: /check-id/customer - ::1 - last id from user adalah 2 
2023-08-01T10:06:39.786Z error: /check-id/customer - ::1 - last id from user adalah 2 
2023-08-01T10:09:53.197Z error: /check-id/customer - ::1 - last id from user adalah 2 
2023-08-01T10:10:33.170Z error: /check-id/customer - ::1 - last id from user adalah 2 
2023-08-01T10:11:43.948Z error: /check-id/customer - ::1 - last id from user adalah 2 
2023-08-01T10:12:42.999Z error: /check-id/customer - ::1 - last id from user adalah 2 
2023-08-01T10:14:04.977Z error: /check-id/customer - ::1 - last id from user adalah 0 
2023-08-01T10:14:13.601Z error: /check-id/customer - ::1 - last id from user adalah 1 
2023-08-01T10:14:22.755Z error: /check-id/customer - ::1 - last id from user adalah 2 
2023-08-01T11:22:58.910Z error: /check-id/payment - ::1 - last id from transaction adalah 7 
2023-08-01T11:24:38.758Z error: /check-id/payment - ::1 - last id from transaction adalah 7 
2023-08-01T11:27:04.474Z error: /check-id/payment - ::1 - last id from transaction adalah 7 
2023-08-01T11:27:43.672Z error: /check-id/payment - ::1 - last id from transaction adalah 7 
2023-08-01T11:28:20.973Z error: /check-id/payment - ::1 - last id from transaction adalah 7 
2023-08-01T11:29:20.399Z error: /check-id/payment - ::1 - last id from transaction adalah 7 
2023-08-01T11:30:39.234Z error: /check-id/payment - ::1 - last id from transaction adalah 7 
2023-08-01T11:31:59.820Z error: /check-id/payment - ::1 - last id from transaction adalah 7 
2023-08-01T11:46:42.510Z error: /check-id/payment - ::1 - last id from transaction adalah 8 
2023-08-01T11:47:35.209Z error: /check-id/payment - ::1 - last id from transaction adalah 9 
2023-08-01T11:54:06.548Z error: /create-transaction - ::1 - Exception, Invalid Signature
2023-08-01T11:55:06.365Z error: /create-transaction - ::1 - Exception, Invalid Signature
2023-08-01T11:55:06.390Z error: /product - ::1 - Exception, Invalid Request
2023-08-01T12:31:11.865Z error: /create-transaction - ::1 - Exception, Invalid Signature
2023-08-01T12:31:11.887Z error: /product - ::1 - Exception, Invalid Request
2023-08-01T12:33:43.746Z error: /create-transaction - ::1 - Exception, Invalid Signature
2023-08-01T12:33:47.963Z error: /create-transaction - ::1 - Exception, Invalid Signature
2023-08-01T12:33:51.978Z error: /create-transaction - ::1 - Exception, Invalid Signature
2023-08-01T12:33:53.050Z error: /create-transaction - ::1 - Exception, Invalid Signature
2023-08-01T12:33:53.194Z error: /create-transaction - ::1 - Exception, Invalid Signature
2023-08-01T12:33:53.310Z error: /create-transaction - ::1 - Exception, Invalid Signature
2023-08-01T12:33:53.481Z error: /create-transaction - ::1 - Exception, Invalid Signature
2023-08-01T12:33:53.656Z error: /create-transaction - ::1 - Exception, Invalid Signature
2023-08-01T12:34:04.479Z error: /create-transaction - ::1 - Exception, Invalid Signature
2023-08-01T13:49:09.683Z error: /create-transaction - ::1 - Exception, Invalid Signature
2023-08-01T13:50:50.065Z error: /create-transaction - ::1 - Exception, Invalid Signature
2023-08-01T13:54:48.013Z error: /create-transaction - ::1 - Exception, Invalid Signature
2023-08-01T13:55:23.964Z error: /create-transaction - ::1 - Exception, Invalid Signature
2023-08-01T14:34:33.670Z error: /create-transaction - ::1 - Exception, Invalid Signature
2023-08-01T14:36:12.824Z error: /create-transaction - ::1 - Exception, Invalid Signature
2023-08-01T14:37:33.994Z error: /create-transaction - ::1 - Exception, Invalid Signature
2023-08-01T14:38:30.109Z error: /create-transaction - ::1 - Exception, Invalid Signature
2023-08-01T14:39:55.818Z error: /create-transaction - ::1 - Exception, Invalid Signature
2023-08-01T14:39:59.530Z error: /create-transaction - ::1 - Exception, Invalid Signature
2023-08-01T14:40:02.177Z error: /create-transaction - ::1 - Exception, Invalid Signature
2023-08-01T14:41:55.321Z error: /create-transaction - ::1 - Exception, Invalid Signature
2023-08-01T14:43:13.754Z error: /create-transaction - ::1 - Exception, Invalid Signature
2023-08-01T14:43:36.516Z error: /create-transaction - ::1 - Exception, Invalid Signature
2023-08-01T14:45:20.336Z error: /create-transaction - ::1 - Exception, Invalid Signature
2023-08-01T14:53:20.649Z error: /check-id/payment - ::1 - last id from transaction adalah 10 
2023-08-01T14:53:23.968Z error: /create-transaction - ::1 - Exception, Invalid Signature
2023-08-01T14:53:29.948Z error: /check-id/payment - ::1 - last id from transaction adalah 11 
2023-08-01T14:54:17.857Z error: /check-id/payment - ::1 - last id from transaction adalah 12 
2023-08-01T14:59:53.292Z error: /check-id/payment - ::1 - last id from transaction adalah 13 
2023-08-01T15:00:18.916Z error: /check-id/payment - ::1 - last id from transaction adalah 14 
2023-08-01T15:00:34.807Z error: /check-id/payment - ::1 - last id from transaction adalah 15 
2023-08-01T15:01:46.847Z error: /create-transaction - ::1 - Exception, Invalid Signature
2023-08-01T15:02:04.922Z error: /create-transaction - ::1 - Exception, Invalid Signature
2023-08-01T15:03:22.341Z error: /create-transaction - ::1 - Exception, Invalid Signature
2023-08-01T15:04:27.531Z error: /create-transaction - ::1 - Exception, Invalid Signature
2023-08-01T15:10:42.886Z error: /check-id/payment - ::1 - last id from transaction adalah 16 
2023-08-01T15:12:37.384Z error: /check-id/payment - ::1 - last id from transaction adalah 17 
2023-08-01T15:13:31.394Z error: /check-id/payment - ::1 - last id from transaction adalah 18 
2023-08-01T15:15:35.219Z error: /check-id/payment - ::1 - last id from transaction adalah 0 
2023-08-01T15:24:58.739Z error: /check-id/payment - ::1 - last id from transaction adalah 1 
2023-08-01T15:25:37.522Z error: /check-id/payment - ::1 - last id from transaction adalah 2 
2023-08-01T15:26:32.192Z error: /check-id/payment - ::1 - last id from transaction adalah 3 
2023-08-02T01:04:43.899Z error: /check-id/payment - ::1 - last id from transaction adalah 4 
2023-08-02T02:32:14.672Z error: /check-transaction - ::1 - Exception, Invalid Signature
2023-08-02T02:33:12.595Z error: /check-transaction - ::1 - Exception, Invalid Signature
2023-08-02T02:34:04.629Z error: /check-transaction - ::1 - Exception, Invalid Signature
2023-08-02T02:35:19.479Z error: /check-transaction - ::1 - Exception, Invalid Signature
2023-08-02T02:37:29.862Z error: /check-transaction - ::1 - Exception, Invalid Signature
2023-08-02T02:37:31.585Z error: /check-transaction - ::1 - Exception, Invalid Signature
2023-08-02T08:59:21.453Z error: /check-id/payment - ::1 - last id from transaction adalah 5 
2023-08-02T09:30:24.684Z error: /check-id/payment - ::1 - last id from transaction adalah 6 
2023-08-02T11:29:55.336Z error: /check-id/payment - ::1 - last id from transaction adalah 7 
2023-08-04T11:32:01.136Z error: /check-id/payment - ::1 - last id from transaction adalah 8 
2023-08-05T03:58:00.017Z error: /check-id/payment - ::1 - Exception, Invalid Signature
2023-08-05T03:58:00.021Z error: /create-transaction - ::1 - Exception, Please Check Your Code!
2023-08-05T03:59:44.537Z error: /check-id/payment - ::1 - last id from transaction adalah 9 
2023-08-05T04:25:26.466Z error: /check-id/payment - ::1 - last id from transaction adalah 10 
2023-08-09T10:21:20.086Z error: /check-id/payment - ::1 - Exception, Invalid Signature
2023-08-09T10:21:20.093Z error: /create-transaction - ::1 - Exception, Please Check Your Code!
2023-08-09T10:25:35.243Z error: /check-id/payment - ::1 - last id from transaction adalah 11 
2023-08-09T10:28:07.134Z error: /check-id/payment - ::1 - last id from transaction adalah 11 
2023-08-09T10:33:41.353Z error: /check-id/payment - ::1 - last id from transaction adalah 12 
2023-08-09T10:40:50.254Z error: /check-id/payment - ::1 - last id from transaction adalah 13 
2023-08-09T10:40:54.553Z error: /check-id/payment - ::1 - last id from transaction adalah 13 
2023-08-09T10:44:21.933Z error: /check-id/payment - ::1 - last id from transaction adalah 13 
2023-08-09T10:45:34.125Z error: /check-id/payment - ::1 - last id from transaction adalah 13 
2023-08-09T11:56:57.000Z error: /check-id/payment - ::1 - last id from transaction adalah 14 
2023-08-09T11:57:04.467Z error: /check-id/payment - ::1 - last id from transaction adalah 14 
2023-08-09T11:58:00.131Z error: /check-id/payment - ::1 - last id from transaction adalah 14 
2023-08-09T12:48:10.143Z error: /check-id/customer - ::1 - last id from user adalah 3 
2023-08-09T14:33:21.124Z error: /add-user - ::1 - Exception, Invalid Signature
2023-08-09T14:34:09.617Z error: /add-user - ::1 - Exception, Invalid Signature
2023-08-09T14:36:16.717Z error: /add-user - ::1 - Exception, Invalid Signature
2023-08-09T14:37:56.586Z error: /add-user - ::1 - Exception, Invalid Signature
2023-08-09T14:38:12.322Z error: /check-id/customer - ::1 - last id from user adalah 4 
2023-08-09T14:41:53.912Z error: /add-user - ::1 - Exception, Invalid Signature
2023-08-09T14:43:33.185Z error: /check-id/customer - ::1 - last id from user adalah 5 
2023-08-10T08:16:49.931Z error: /check-id/payment - ::1 - last id from transaction adalah 15 
2023-08-10T08:18:19.413Z error: /check-id/customer - ::1 - last id from user adalah 6 
2023-08-10T08:23:39.021Z error: /check-id/customer - ::1 - last id from user adalah 6 
2023-08-10T08:23:59.889Z error: /check-id/customer - ::1 - last id from user adalah 6 
2023-08-10T08:24:05.879Z error: /check-id/customer - ::1 - last id from user adalah 7 
2023-08-10T08:36:50.279Z error: /check-id/payment - ::1 - last id from transaction adalah 16 
2023-08-10T08:46:11.676Z error: /check-id/payment - ::1 - last id from transaction adalah 17 
2023-08-10T10:43:41.219Z error: /check-id/payment - ::1 - last id from transaction adalah 18 
2023-08-10T10:44:33.808Z error: /check-id/payment - ::1 - last id from transaction adalah 18 
2023-08-10T10:48:07.163Z error: /check-id/payment - ::1 - last id from transaction adalah 18 
2023-08-10T10:49:03.436Z error: /check-id/payment - ::1 - last id from transaction adalah 18 
2023-08-10T10:52:23.984Z error: /check-id/payment - ::1 - last id from transaction adalah 19 
2023-08-10T10:53:47.989Z error: /check-id/customer - ::1 - last id from user adalah 7 
2023-08-11T07:14:33.810Z error: /check-id/customer - ::1 - last id from user adalah 8 
2023-08-11T07:48:36.740Z error: /check-id/customer - ::1 - last id from user adalah 9 
2023-08-11T07:49:12.906Z error: /check-id/customer - ::1 - last id from user adalah 9 
2023-08-11T07:58:47.878Z error: /check-id/customer - ::1 - last id from user adalah 10 
2023-08-11T08:00:01.412Z error: /check-id/customer - ::1 - last id from user adalah 11 
2023-08-11T08:01:42.112Z error: /check-id/customer - ::1 - last id from user adalah 12 
2023-08-11T08:05:59.037Z error: /check-id/customer - ::1 - last id from user adalah 13 
2023-08-11T08:51:53.672Z error: /check-id/payment - ::1 - last id from transaction adalah 20 
2023-08-11T08:54:11.461Z error: /check-id/customer - ::1 - last id from user adalah 14 
2023-08-11T09:00:03.361Z error: /check-id/customer - ::1 - last id from user adalah 15 
2023-08-11T09:02:25.246Z error: /check-id/payment - ::1 - last id from transaction adalah 21 
2023-08-11T09:02:40.153Z error: /check-id/customer - ::1 - last id from user adalah 16 
2023-08-14T09:41:51.832Z error: /check-transaction - ::1 - Exception, Invalid Signature
2023-08-14T09:42:38.735Z error: /check-transaction - ::1 - Exception, Invalid Signature
