2023-08-10T08:07:52.206Z info: Server listening at http://localhost:3000
2023-08-10T08:16:49.931Z error: /check-id/payment - ::1 - last id from transaction adalah 15 
2023-08-10T08:16:50.292Z info: /create-transaction - ::1 - [object Object]
2023-08-10T08:16:50.293Z info: /create-transaction - ::1 - ============== Inisiasi Data =============
2023-08-10T08:16:50.293Z info: /create-transaction - ::1 - {"name":"Dilla","email":"nadillarahma08@upi.edu","phone":"6288282828","invoice":"INV-NGAHIJI-IFFBEGDIEH","amount":56000,"transaction_date":"Kamis, 10 Agustus 2023 15:16:49","transaction_update":"Kamis, 10 Agustus 2023 15:16:49","payment_method":"DOKU CHECKOUT","status":"PENDING","product_id":"2","product_name":"Disney+ Hotstar","url_checkout":"https://sandbox.doku.com/checkout/link/66bfa48f85f545b8bdec7b2ee11fa2a120231610151650326","expired":"no expired"}
2023-08-10T08:16:50.293Z info: /create-transaction - ::1 - ============== Save to DB =============
2023-08-10T08:16:50.294Z info: /create-transaction - ::1 - Transaction Created
2023-08-10T08:18:19.406Z info: /add-user - ::1 - ============== Inisiasi Data User =============
2023-08-10T08:18:19.406Z info: /add-user - ::1 - {"name":"Dilla","email":"nadillarahma08@upi.edu","phone":"6288282828","invoice":"INV-NGAHIJI-IFFBEGDIEH","product_id":2,"product_name":"Disney+ Hotstar","expired":"11 September 2023"}
2023-08-10T08:18:19.407Z info: /add-user - ::1 - ============== Save to DB =============
2023-08-10T08:18:19.407Z info: /add-user - ::1 - date:2023-08-10T08:18:19Z
words:dilla
Request-Target:/check-id
2023-08-10T08:18:19.413Z error: /check-id/customer - ::1 - last id from user adalah 6 
2023-08-10T08:18:19.416Z info: /add-user - ::1 - User has been added
2023-08-10T08:23:36.181Z info: Server listening at http://localhost:3000
2023-08-10T08:23:39.006Z info: /add-user - ::1 - ============== Inisiasi Data User =============
2023-08-10T08:23:39.007Z info: /add-user - ::1 - {"name":"Dilla","email":"nadillarahma08@upi.edu","phone":"6288282828","invoice":"INV-NGAHIJI-IFFBEGDIEH","product_id":2,"product_name":"Disney+ Hotstar","expired":"11 September 2023"}
2023-08-10T08:23:39.007Z info: /add-user - ::1 - ============== Save to DB =============
2023-08-10T08:23:39.007Z info: /add-user - ::1 - date:2023-08-10T08:23:39Z
words:dilla
Request-Target:/check-id
2023-08-10T08:23:39.021Z error: /check-id/customer - ::1 - last id from user adalah 6 
2023-08-10T08:23:39.028Z info: /add-user - ::1 - User has been added
2023-08-10T08:23:47.256Z info: Server listening at http://localhost:3000
2023-08-10T08:23:59.874Z info: /add-user - ::1 - ============== Inisiasi Data User =============
2023-08-10T08:23:59.874Z info: /add-user - ::1 - {"name":"Dilla","email":"nadillarahma08@upi.edu","phone":"0888282828","invoice":"INV-NGAHIJI-IFFBEGDIEH","product_id":2,"product_name":"Disney+ Hotstar","expired":"11 September 2023"}
2023-08-10T08:23:59.874Z info: /add-user - ::1 - ============== Save to DB =============
2023-08-10T08:23:59.874Z info: /add-user - ::1 - date:2023-08-10T08:23:59Z
words:dilla
Request-Target:/check-id
2023-08-10T08:23:59.889Z error: /check-id/customer - ::1 - last id from user adalah 6 
2023-08-10T08:23:59.896Z info: /add-user - ::1 - User has been added
2023-08-10T08:24:05.870Z info: /add-user - ::1 - ============== Inisiasi Data User =============
2023-08-10T08:24:05.870Z info: /add-user - ::1 - {"name":"Dilla","email":"nadillarahma08@upi.edu","phone":"62888282828","invoice":"INV-NGAHIJI-IFFBEGDIEH","product_id":2,"product_name":"Disney+ Hotstar","expired":"11 September 2023"}
2023-08-10T08:24:05.870Z info: /add-user - ::1 - ============== Save to DB =============
2023-08-10T08:24:05.871Z info: /add-user - ::1 - date:2023-08-10T08:24:05Z
words:dilla
Request-Target:/check-id
2023-08-10T08:24:05.879Z error: /check-id/customer - ::1 - last id from user adalah 7 
2023-08-10T08:24:05.881Z info: /add-user - ::1 - User has been added
2023-08-10T08:32:09.402Z info: Server listening at http://localhost:3000
2023-08-10T08:36:50.279Z error: /check-id/payment - ::1 - last id from transaction adalah 16 
2023-08-10T08:36:50.665Z info: /create-transaction - ::1 - [object Object]
2023-08-10T08:36:50.665Z info: /create-transaction - ::1 - ============== Inisiasi Data =============
2023-08-10T08:36:50.666Z info: /create-transaction - ::1 - {"name":"Test Alif","email":"m.alif@doku.com","phone":"823123123","invoice":"INV-NGAHIJI-HIIIBAHDDE","amount":56000,"transaction_date":"Kamis, 10 Agustus 2023 15:36:50","transaction_update":"Kamis, 10 Agustus 2023 15:36:50","payment_method":"DOKU CHECKOUT","status":"PENDING","product_id":"4","product_name":"Spotify","url_checkout":"https://sandbox.doku.com/checkout/link/7f3648a418ef4d56ad83ed54ed5bf66820233610153650697","expired":"no expired"}
2023-08-10T08:36:50.666Z info: /create-transaction - ::1 - ============== Save to DB =============
2023-08-10T08:36:50.668Z info: /create-transaction - ::1 - Transaction Created
2023-08-10T08:46:11.676Z error: /check-id/payment - ::1 - last id from transaction adalah 17 
2023-08-10T08:46:12.040Z info: /create-transaction - ::1 - [object Object]
2023-08-10T08:46:12.040Z info: /create-transaction - ::1 - ============== Inisiasi Data =============
2023-08-10T08:46:12.041Z info: /create-transaction - ::1 - {"name":"Test Alif","email":"m.alif@doku.com","phone":"6122223123","invoice":"INV-NGAHIJI-DEJJFECIJB","amount":56000,"transaction_date":"Kamis, 10 Agustus 2023 15:46:11","transaction_update":"Kamis, 10 Agustus 2023 15:46:11","payment_method":"DOKU CHECKOUT","status":"PENDING","product_id":"4","product_name":"Spotify","url_checkout":"https://sandbox.doku.com/checkout/link/2f2a2e3c671e4d02a6d0dcb9e76dbd0f20234610154612066","expired":"no expired"}
2023-08-10T08:46:12.041Z info: /create-transaction - ::1 - ============== Save to DB =============
2023-08-10T08:46:12.042Z info: /create-transaction - ::1 - Transaction Created
2023-08-10T10:43:41.219Z error: /check-id/payment - ::1 - last id from transaction adalah 18 
2023-08-10T10:43:41.780Z info: /create-transaction - ::1 - [object Object]
2023-08-10T10:44:12.605Z info: Server listening at http://localhost:3000
2023-08-10T10:44:33.808Z error: /check-id/payment - ::1 - last id from transaction adalah 18 
2023-08-10T10:44:33.914Z info: /create-transaction - ::1 - [object Object]
2023-08-10T10:44:55.964Z info: Server listening at http://localhost:3000
2023-08-10T10:48:07.163Z error: /check-id/payment - ::1 - last id from transaction adalah 18 
2023-08-10T10:48:07.297Z info: /create-transaction - ::1 - [object Object]
2023-08-10T10:48:57.601Z info: Server listening at http://localhost:3000
2023-08-10T10:49:03.436Z error: /check-id/payment - ::1 - last id from transaction adalah 18 
2023-08-10T10:49:03.559Z info: /create-transaction - ::1 - [object Object]
2023-08-10T10:49:03.560Z info: /create-transaction - ::1 - ============== Inisiasi Data =============
2023-08-10T10:49:03.560Z info: /create-transaction - ::1 - {"name":"Test Alif","email":"m.alif@doku.com","phone":"0822222222","invoice":"INV-NGAHIJI-JDABEAHHCF","amount":56000,"transaction_date":"Kamis, 10 Agustus 2023 17:49:3","transaction_update":"Kamis, 10 Agustus 2023 17:49:3","payment_method":"DOKU CHECKOUT","status":"PENDING","product_id":"4","product_name":"Spotify","url_checkout":"https://sandbox.doku.com/checkout/link/39d2370917174dd88135e0f98762121420234910174903566","expired":"no expired"}
2023-08-10T10:49:03.560Z info: /create-transaction - ::1 - ============== Save to DB =============
2023-08-10T10:49:03.561Z info: /create-transaction - ::1 - Transaction Created
2023-08-10T10:52:14.172Z info: Server listening at http://localhost:3000
2023-08-10T10:52:23.984Z error: /check-id/payment - ::1 - last id from transaction adalah 19 
2023-08-10T10:52:24.366Z info: /create-transaction - ::1 - [object Object]
2023-08-10T10:52:24.367Z info: /create-transaction - ::1 - ============== Inisiasi Data =============
2023-08-10T10:52:24.367Z info: /create-transaction - ::1 - {"name":"Test Alif","email":"m.alif@doku.com","phone":"0822222222","invoice":"INV-NGAHIJI-BEAFGHACGH","amount":56000,"transaction_date":"Kamis, 10 Agustus 2023 17:52:23","transaction_update":"Kamis, 10 Agustus 2023 17:52:23","payment_method":"DOKU CHECKOUT","status":"PENDING","product_id":"4","product_name":"Spotify","url_checkout":"https://sandbox.doku.com/checkout/link/9be7755df6d244209381bccd35f0483b20235210175224361","expired":"no expired"}
2023-08-10T10:52:24.367Z info: /create-transaction - ::1 - ============== Save to DB =============
2023-08-10T10:52:24.368Z info: /create-transaction - ::1 - Transaction Created
2023-08-10T10:53:47.984Z info: /add-user - ::1 - ============== Inisiasi Data User =============
2023-08-10T10:53:47.985Z info: /add-user - ::1 - {"name":"Test Alif","email":"m.alif@doku.com","phone":"0822222222","invoice":"INV-NGAHIJI-BEAFGHACGH","product_id":4,"product_name":"Spotify","expired":"11 November 2023"}
2023-08-10T10:53:47.985Z info: /add-user - ::1 - ============== Save to DB =============
2023-08-10T10:53:47.985Z info: /add-user - ::1 - date:2023-08-10T10:53:47Z
words:dilla
Request-Target:/check-id
2023-08-10T10:53:47.989Z error: /check-id/customer - ::1 - last id from user adalah 7 
2023-08-10T10:53:47.992Z info: /add-user - ::1 - User has been added
2023-08-10T10:53:53.065Z info: /check-transaction - ::1 - ============== Get Data INV-NGAHIJI-BEAFGHACGH =============
2023-08-10T10:53:53.066Z info: /check-transaction - ::1 - Data Collected
