2023-08-03T01:55:57.286Z info: Server listening at http://localhost:3000
2023-08-03T04:07:36.744Z info: /check-transaction - ::1 - ============== Get Data INV-NGAHIJI-IBDEHEAEBD =============
2023-08-03T04:07:36.747Z info: /check-transaction - ::1 - Data Collected
2023-08-03T04:26:42.569Z info: Server listening at http://localhost:3000
2023-08-03T04:27:42.437Z info: /check-transaction - ::1 - ============== Get Data INV-NGAHIJI-CBFDABFHHF =============
2023-08-03T04:27:42.438Z info: /check-transaction - ::1 - Data Collected
2023-08-03T04:28:42.559Z info: Server listening at http://localhost:3000
2023-08-03T04:44:17.293Z info: Server listening at http://localhost:3000
2023-08-03T04:46:31.277Z info: Server listening at http://localhost:3000
2023-08-03T04:46:37.454Z info: Server listening at http://localhost:3000
2023-08-03T04:47:29.218Z info: Server listening at http://localhost:3000
2023-08-03T04:49:11.855Z info: /check-transaction - ::1 - ============== Get Data INV-NGAHIJI-CBFDABFHHF =============
2023-08-03T04:49:11.855Z info: /check-transaction - ::1 - Data Collected
2023-08-03T04:52:35.831Z info: Server listening at http://localhost:3000
2023-08-03T04:52:36.808Z info: /check-transaction - ::1 - ============== Get Data INV-NGAHIJI-CBFDABFHHF =============
2023-08-03T04:52:36.809Z info: /check-transaction - ::1 - Data Collected
2023-08-03T05:03:36.211Z info: /check-transaction - ::1 - ============== Get Data INV-NGAHIJI-CBFDABFHHF =============
2023-08-03T05:03:36.212Z info: /check-transaction - ::1 - Data Collected
2023-08-03T05:04:25.466Z info: /check-transaction - ::1 - ============== Get Data INV-NGAHIJI-CBFDABFHHF =============
2023-08-03T05:04:25.467Z info: /check-transaction - ::1 - Data Collected
2023-08-03T05:04:26.509Z info: /check-transaction - ::1 - ============== Get Data INV-NGAHIJI-CBFDABFHHF =============
2023-08-03T05:04:26.509Z info: /check-transaction - ::1 - Data Collected
2023-08-03T05:04:28.362Z info: /check-transaction - ::1 - ============== Get Data INV-NGAHIJI-CBFDABFHHF =============
2023-08-03T05:04:28.364Z info: /check-transaction - ::1 - Data Collected
2023-08-03T05:07:58.307Z info: /check-transaction - ::1 - ============== Get Data INV-NGAHIJI-CBFDABFHHF =============
2023-08-03T05:07:58.308Z info: /check-transaction - ::1 - Data Collected
2023-08-03T05:21:22.537Z info: Server listening at http://localhost:3000
2023-08-03T05:21:23.608Z info: /check-transaction - ::1 - ============== Get Data INV-NGAHIJI-CBFDABFHHF =============
2023-08-03T05:21:23.609Z info: /check-transaction - ::1 - Data Collected
2023-08-03T05:33:06.015Z info: Server listening at http://localhost:3000
2023-08-03T05:33:07.394Z info: /check-transaction - ::1 - ============== Get Data INV-NGAHIJI-CBFDABFHHF =============
2023-08-03T05:33:07.394Z info: /check-transaction - ::1 - Data Collected
2023-08-03T05:34:44.261Z info: Server listening at http://localhost:3000
2023-08-03T05:35:07.493Z info: Server listening at http://localhost:3000
2023-08-03T05:35:10.883Z info: Server listening at http://localhost:3000
2023-08-03T05:35:33.628Z info: Server listening at http://localhost:3000
2023-08-03T06:26:08.325Z info: Server listening at http://localhost:3000
2023-08-03T06:26:44.505Z info: Server listening at http://localhost:3000
2023-08-03T07:22:47.417Z info: Server listening at http://localhost:3000
2023-08-03T07:25:04.889Z info: /check-transaction - ::1 - ============== Get Data INV-NGAHIJI-CBFDABFHHF =============
2023-08-03T07:25:04.890Z info: /check-transaction - ::1 - Data Collected
2023-08-03T07:25:25.501Z info: Server listening at http://localhost:3000
2023-08-03T07:25:28.043Z info: /check-transaction - ::1 - ============== Get Data INV-NGAHIJI-CBFDABFHHF =============
2023-08-03T07:25:28.044Z info: /check-transaction - ::1 - Data Collected
2023-08-03T07:25:49.372Z info: Server listening at http://localhost:3000
2023-08-03T07:25:51.124Z info: /check-transaction - ::1 - ============== Get Data INV-NGAHIJI-CBFDABFHHF =============
2023-08-03T07:25:51.125Z info: /check-transaction - ::1 - Data Collected
2023-08-03T07:26:21.464Z info: /check-transaction - ::1 - ============== Get Data INV-NGAHIJI-JCGDCCHCHI =============
2023-08-03T07:26:21.465Z info: /check-transaction - ::1 - Data Collected
2023-08-03T12:45:54.167Z info: Server listening at http://localhost:3000
2023-08-03T12:50:42.810Z info: Server listening at http://localhost:3000
2023-08-03T12:51:06.798Z info: Server listening at http://localhost:3000
2023-08-03T12:54:12.127Z info: Server listening at http://localhost:3000
2023-08-03T13:09:38.535Z info: Server listening at http://localhost:3000
