2023-08-09T00:47:10.822Z info: Server listening at http://localhost:3000
2023-08-09T08:03:50.755Z info: Server listening at http://localhost:3000
2023-08-09T10:21:20.086Z error: /check-id/payment - ::1 - Exception, Invalid Signature
2023-08-09T10:21:20.093Z error: /create-transaction - ::1 - Exception, Please Check Your Code!
2023-08-09T10:25:35.243Z error: /check-id/payment - ::1 - last id from transaction adalah 11 
2023-08-09T10:27:22.534Z info: Server listening at http://localhost:3000
2023-08-09T10:28:07.134Z error: /check-id/payment - ::1 - last id from transaction adalah 11 
2023-08-09T10:28:07.809Z info: /create-transaction - ::1 - [object Object]
2023-08-09T10:28:07.809Z info: /create-transaction - ::1 - ============== Inisiasi Data =============
2023-08-09T10:28:07.810Z info: /create-transaction - ::1 - {"name":"Alif Assidiq","email":"m.alif@doku.com","phone":"82222222","invoice":"INV-NGAHIJI-CJJIADAHAD","amount":56000,"transaction_date":"Rabu, 9 Agustus 2023 17:28:7","transaction_update":"Rabu, 9 Agustus 2023 17:28:7","payment_method":"DOKU CHECKOUT","status":"PENDING","product_id":"5","product_name":"Prime Video","url_checkout":"https://sandbox.doku.com/checkout/link/d5a5d2c1b4ca412e8c758a4e61167e2220232809172807770","expired":"no expired"}
2023-08-09T10:28:07.810Z info: /create-transaction - ::1 - ============== Save to DB =============
2023-08-09T10:28:07.811Z info: /create-transaction - ::1 - Transaction Created
2023-08-09T10:29:27.399Z info: /check-transaction - ::1 - ============== Get Data INV-NGAHIJI-CJJIADAHAD =============
2023-08-09T10:29:27.400Z info: /check-transaction - ::1 - Data Collected
2023-08-09T10:31:41.314Z info: Server listening at http://localhost:3000
2023-08-09T10:32:11.919Z info: Server listening at http://localhost:3000
2023-08-09T10:33:01.908Z info: /check-transaction - ::1 - ============== Get Data INV-NGAHIJI-CJJIADAHAD =============
2023-08-09T10:33:01.909Z info: /check-transaction - ::1 - Data Collected
2023-08-09T10:33:41.353Z error: /check-id/payment - ::1 - last id from transaction adalah 12 
2023-08-09T10:33:41.644Z info: /create-transaction - ::1 - [object Object]
2023-08-09T10:33:41.644Z info: /create-transaction - ::1 - ============== Inisiasi Data =============
2023-08-09T10:33:41.645Z info: /create-transaction - ::1 - {"name":"Test gagal bayar","email":"m.alif@doku.com","phone":"82222222","invoice":"INV-NGAHIJI-FHJGCJIFJI","amount":56000,"transaction_date":"Rabu, 9 Agustus 2023 17:33:41","transaction_update":"Rabu, 9 Agustus 2023 17:33:41","payment_method":"DOKU CHECKOUT","status":"PENDING","product_id":"2","product_name":"Disney+ Hotstar","url_checkout":"https://sandbox.doku.com/checkout/link/bdb4e2764148402687973d2a167bcab320233309173341611","expired":"no expired"}
2023-08-09T10:33:41.645Z info: /create-transaction - ::1 - ============== Save to DB =============
2023-08-09T10:33:41.648Z info: /create-transaction - ::1 - Transaction Created
2023-08-09T10:34:02.051Z info: /check-transaction - ::1 - ============== Get Data INV-NGAHIJI-FHJGCJIFJI =============
2023-08-09T10:34:02.051Z info: /check-transaction - ::1 - Data Collected
2023-08-09T10:37:42.257Z info: Server listening at http://localhost:3000
2023-08-09T10:38:19.527Z info: /check-transaction - ::1 - ============== Get Data INV-NGAHIJI-FHJGCJIFJI =============
2023-08-09T10:38:19.527Z info: /check-transaction - ::1 - Data Collected
2023-08-09T10:40:26.712Z info: Server listening at http://localhost:3000
2023-08-09T10:40:50.254Z error: /check-id/payment - ::1 - last id from transaction adalah 13 
2023-08-09T10:40:54.553Z error: /check-id/payment - ::1 - last id from transaction adalah 13 
2023-08-09T10:44:10.274Z info: Server listening at http://localhost:3000
2023-08-09T10:44:21.933Z error: /check-id/payment - ::1 - last id from transaction adalah 13 
2023-08-09T10:44:22.456Z info: /create-transaction - ::1 - [object Object]
2023-08-09T10:45:14.516Z info: Server listening at http://localhost:3000
2023-08-09T10:45:34.125Z error: /check-id/payment - ::1 - last id from transaction adalah 13 
2023-08-09T10:45:34.295Z info: /create-transaction - ::1 - [object Object]
2023-08-09T10:45:34.295Z info: /create-transaction - ::1 - ============== Inisiasi Data =============
2023-08-09T10:45:34.296Z info: /create-transaction - ::1 - {"name":"Muhammad Alif Assidiq","email":"m.alif@doku.com","phone":"628888888","invoice":"INV-NGAHIJI-BCHCCAHGII","amount":56000,"transaction_date":"Rabu, 9 Agustus 2023 17:45:34","transaction_update":"Rabu, 9 Agustus 2023 17:45:34","payment_method":"DOKU CHECKOUT","status":"PENDING","product_id":"3","product_name":"Youtube Premium","url_checkout":"https://sandbox.doku.com/checkout/link/9aca50f15c34440a86e9f916f879a7a320234509174534267","expired":"no expired"}
2023-08-09T10:45:34.296Z info: /create-transaction - ::1 - ============== Save to DB =============
2023-08-09T10:45:34.299Z info: /create-transaction - ::1 - Transaction Created
2023-08-09T10:55:26.510Z info: Server listening at http://localhost:3000
2023-08-09T10:56:04.053Z info: Server listening at http://localhost:3000
2023-08-09T11:47:41.544Z info: Server listening at http://localhost:3000
2023-08-09T11:56:57.000Z error: /check-id/payment - ::1 - last id from transaction adalah 14 
2023-08-09T11:57:04.467Z error: /check-id/payment - ::1 - last id from transaction adalah 14 
2023-08-09T11:57:52.175Z info: Server listening at http://localhost:3000
2023-08-09T11:58:00.131Z error: /check-id/payment - ::1 - last id from transaction adalah 14 
2023-08-09T11:58:00.608Z info: /create-transaction - ::1 - [object Object]
2023-08-09T11:58:00.609Z info: /create-transaction - ::1 - ============== Inisiasi Data =============
2023-08-09T11:58:00.609Z info: /create-transaction - ::1 - {"name":"Test Alif","email":"m.alif@doku.com","phone":"0822222222","invoice":"INV-NGAHIJI-EEICGBDFGJ","amount":56000,"transaction_date":"Rabu, 9 Agustus 2023 18:58:0","transaction_update":"Rabu, 9 Agustus 2023 18:58:0","payment_method":"DOKU CHECKOUT","status":"PENDING","product_id":"4","product_name":"Spotify","url_checkout":"https://sandbox.doku.com/checkout/link/e9933786e7984cc8b95ad3430729db3020235809185800577","expired":"no expired"}
2023-08-09T11:58:00.609Z info: /create-transaction - ::1 - ============== Save to DB =============
2023-08-09T11:58:00.611Z info: /create-transaction - ::1 - Transaction Created
2023-08-09T12:08:39.513Z info: /check-transaction - ::1 - ============== Get Data INV-NGAHIJI-EEICGBDFGJ =============
2023-08-09T12:08:39.514Z info: /check-transaction - ::1 - Data Collected
2023-08-09T12:10:23.637Z info: Server listening at http://localhost:3000
2023-08-09T12:11:19.716Z info: Server listening at http://localhost:3000
2023-08-09T12:11:26.233Z info: Server listening at http://localhost:3000
2023-08-09T12:11:59.283Z info: Server listening at http://localhost:3000
2023-08-09T12:25:21.770Z info: Server listening at http://localhost:3000
2023-08-09T12:40:47.082Z info: Server listening at http://localhost:3000
2023-08-09T12:48:10.118Z info: /add-user - ::1 - ============== Inisiasi Data User =============
2023-08-09T12:48:10.118Z info: /add-user - ::1 - {"name":"jikun","email":"m.alif@doku.com","phone":"082222222","invoice":"INV-checout-006","product_id":2,"product_name":"Netflix Sebulan","expired":"Selasa, 23 Mei 2023"}
2023-08-09T12:48:10.119Z info: /add-user - ::1 - ============== Save to DB =============
2023-08-09T12:48:10.122Z info: /add-user - ::1 - date:2023-08-09T12:48:10Z
words:dilla
Request-Target:/check-id
2023-08-09T12:48:10.143Z error: /check-id/customer - ::1 - last id from user adalah 3 
2023-08-09T12:48:10.148Z info: /add-user - ::1 - User has been added
2023-08-09T14:12:23.210Z info: Server listening at http://localhost:3000
2023-08-09T14:13:48.700Z info: Server listening at http://localhost:3000
2023-08-09T14:31:27.142Z info: Server listening at http://localhost:3000
2023-08-09T14:32:18.657Z info: Server listening at http://localhost:3000
2023-08-09T14:33:21.123Z info: /add-user - ::1 - ============== Inisiasi Data User =============
2023-08-09T14:33:21.123Z info: /add-user - ::1 - {"name":"Muhammad Alif Assidiq","email":"m.alif@doku.com","phone":"628888888","invoice":"INV-NGAHIJI-BCHCCAHGII","product_id":3,"product_name":"Youtube Premium","expired":"10 September 2023"}
2023-08-09T14:33:21.123Z info: /add-user - ::1 - ============== Save to DB =============
2023-08-09T14:33:21.124Z error: /add-user - ::1 - Exception, Invalid Signature
2023-08-09T14:34:03.319Z info: Server listening at http://localhost:3000
2023-08-09T14:34:09.616Z info: /add-user - ::1 - ============== Inisiasi Data User =============
2023-08-09T14:34:09.616Z info: /add-user - ::1 - {"name":"Test Alif","email":"m.alif@doku.com","phone":"0822222222","invoice":"INV-NGAHIJI-EEICGBDFGJ","product_id":4,"product_name":"Spotify","expired":"10 November 2023"}
2023-08-09T14:34:09.616Z info: /add-user - ::1 - ============== Save to DB =============
2023-08-09T14:34:09.617Z error: /add-user - ::1 - Exception, Invalid Signature
2023-08-09T14:36:09.913Z info: Server listening at http://localhost:3000
2023-08-09T14:36:16.717Z info: /add-user - ::1 - ============== Inisiasi Data User =============
2023-08-09T14:36:16.717Z info: /add-user - ::1 - {"name":"Test gagal bayar","email":"m.alif@doku.com","phone":"82222222","invoice":"INV-NGAHIJI-FHJGCJIFJI","product_id":2,"product_name":"Disney+ Hotstar","expired":"10 September 2023"}
2023-08-09T14:36:16.717Z info: /add-user - ::1 - ============== Save to DB =============
2023-08-09T14:36:16.717Z error: /add-user - ::1 - Exception, Invalid Signature
2023-08-09T14:37:56.584Z info: /add-user - ::1 - ============== Inisiasi Data User =============
2023-08-09T14:37:56.585Z info: /add-user - ::1 - {"name":"jikun","email":"m.alif@doku.com","phone":"082222222","invoice":"INV-checout-006","product_id":2,"product_name":"Netflix Sebulan","expired":"Selasa, 23 Mei 2023"}
2023-08-09T14:37:56.585Z info: /add-user - ::1 - ============== Save to DB =============
2023-08-09T14:37:56.586Z error: /add-user - ::1 - Exception, Invalid Signature
2023-08-09T14:38:12.303Z info: /add-user - ::1 - ============== Inisiasi Data User =============
2023-08-09T14:38:12.304Z info: /add-user - ::1 - {"name":"Test gagal bayar","email":"m.alif@doku.com","phone":"82222222","invoice":"INV-NGAHIJI-FHJGCJIFJI","product_id":2,"product_name":"Disney+ Hotstar","expired":"10 September 2023"}
2023-08-09T14:38:12.304Z info: /add-user - ::1 - ============== Save to DB =============
2023-08-09T14:38:12.305Z info: /add-user - ::1 - date:2023-08-09T14:38:12Z
words:dilla
Request-Target:/check-id
2023-08-09T14:38:12.322Z error: /check-id/customer - ::1 - last id from user adalah 4 
2023-08-09T14:38:12.325Z info: /add-user - ::1 - User has been added
2023-08-09T14:40:51.310Z info: Server listening at http://localhost:3000
2023-08-09T14:41:08.734Z info: Server listening at http://localhost:3000
2023-08-09T14:41:29.199Z info: Server listening at http://localhost:3000
2023-08-09T14:41:43.435Z info: Server listening at http://localhost:3000
2023-08-09T14:41:53.911Z info: /add-user - ::1 - ============== Inisiasi Data User =============
2023-08-09T14:41:53.911Z info: /add-user - ::1 - {"name":"Test Alif","email":"m.alif@doku.com","phone":"0822222222","invoice":"INV-NGAHIJI-EEICGBDFGJ","product_id":4,"product_name":"Spotify","expired":"10 November 2023"}
2023-08-09T14:41:53.911Z info: /add-user - ::1 - ============== Save to DB =============
2023-08-09T14:41:53.912Z error: /add-user - ::1 - Exception, Invalid Signature
2023-08-09T14:43:14.274Z info: Server listening at http://localhost:3000
2023-08-09T14:43:28.266Z info: Server listening at http://localhost:3000
2023-08-09T14:43:33.171Z info: /add-user - ::1 - ============== Inisiasi Data User =============
2023-08-09T14:43:33.171Z info: /add-user - ::1 - {"name":"Test Alif","email":"m.alif@doku.com","phone":"0822222222","invoice":"INV-NGAHIJI-EEICGBDFGJ","product_id":4,"product_name":"Spotify","expired":"10 November 2023"}
2023-08-09T14:43:33.171Z info: /add-user - ::1 - ============== Save to DB =============
2023-08-09T14:43:33.172Z info: /add-user - ::1 - date:2023-08-09T14:43:33Z
words:dilla
Request-Target:/check-id
2023-08-09T14:43:33.185Z error: /check-id/customer - ::1 - last id from user adalah 5 
2023-08-09T14:43:33.190Z info: /add-user - ::1 - User has been added
